app/build/outputs/logs/manifest-merger-debug-report.txt
-- Merging decision tree log ---
manifest
ADDED from src/main/AndroidManifest.xml:2:1-29:12
	package
		ADDED from src/main/AndroidManifest.xml:3:5-57
		INJECTED from src/main/AndroidManifest.xml
		INJECTED from src/main/AndroidManifest.xml
	android:versionName
		INJECTED from src/main/AndroidManifest.xml
		INJECTED from src/main/AndroidManifest.xml
	xmlns:android
		ADDED from src/main/AndroidManifest.xml:2:11-69
	android:versionCode
		INJECTED from src/main/AndroidManifest.xml
		INJECTED from src/main/AndroidManifest.xml
uses-permission#android.permission.ACCESS_FINE_LOCATION
ADDED from src/main/AndroidManifest.xml:5:5-79
	android:name
		ADDED from src/main/AndroidManifest.xml:5:22-76
uses-permission#android.permission.INTERNET
ADDED from src/main/AndroidManifest.xml:6:5-66
MERGED from [com.estimote:sdk:0.10.8] AndroidManifest.xml:15:5-67
	android:name
		ADDED from src/main/AndroidManifest.xml:6:22-64
uses-permission#android.permission.BLUETOOTH
ADDED from src/main/AndroidManifest.xml:7:5-68
MERGED from [com.estimote:sdk:0.10.8] AndroidManifest.xml:10:5-68
MERGED from [CieParaboleSNotificatio1Uv:android-beacon-library-2.9.2:unspecified] AndroidManifest.xml:11:5-13:36
	android:required
		ADDED from [CieParaboleSNotificatio1Uv:android-beacon-library-2.9.2:unspecified] AndroidManifest.xml:13:9-33
	android:name
		ADDED from src/main/AndroidManifest.xml:7:22-65
uses-permission#android.permission.BLUETOOTH_ADMIN
ADDED from src/main/AndroidManifest.xml:8:5-74
MERGED from [com.estimote:sdk:0.10.8] AndroidManifest.xml:11:5-74
MERGED from [CieParaboleSNotificatio1Uv:android-beacon-library-2.9.2:unspecified] AndroidManifest.xml:14:5-16:36
	android:required
		ADDED from [CieParaboleSNotificatio1Uv:android-beacon-library-2.9.2:unspecified] AndroidManifest.xml:16:9-33
	android:name
		ADDED from src/main/AndroidManifest.xml:8:22-71
application
ADDED from src/main/AndroidManifest.xml:10:5-27:19
MERGED from [com.android.support:design:23.1.0] AndroidManifest.xml:22:5-20
MERGED from [com.android.support:appcompat-v7:23.1.0] AndroidManifest.xml:22:5-20
MERGED from [com.android.support:support-v4:23.1.0] AndroidManifest.xml:22:5-20
MERGED from [com.estimote:sdk:0.10.8] AndroidManifest.xml:22:5-37:19
MERGED from [CieParaboleSNotificatio1Uv:android-beacon-library-2.9.2:unspecified] AndroidManifest.xml:21:5-40:19
	android:label
		ADDED from src/main/AndroidManifest.xml:13:9-41
	android:supportsRtl
		ADDED from src/main/AndroidManifest.xml:14:9-35
	android:allowBackup
		ADDED from src/main/AndroidManifest.xml:11:9-35
	android:icon
		ADDED from src/main/AndroidManifest.xml:12:9-38
	android:theme
		ADDED from src/main/AndroidManifest.xml:15:9-40
activity#com.CieParabole.CieParaboleSNotificatio1Uv.MainActivity
ADDED from src/main/AndroidManifest.xml:17:9-22:20
	android:name
		ADDED from src/main/AndroidManifest.xml:17:19-47
intent-filter#android.intent.action.MAIN+android.intent.category.LAUNCHER
ADDED from src/main/AndroidManifest.xml:18:13-21:29
action#android.intent.action.MAIN
ADDED from src/main/AndroidManifest.xml:19:17-69
	android:name
		ADDED from src/main/AndroidManifest.xml:19:25-66
category#android.intent.category.LAUNCHER
ADDED from src/main/AndroidManifest.xml:20:17-77
	android:name
		ADDED from src/main/AndroidManifest.xml:20:27-74
activity#com.CieParabole.CieParaboleSNotificatio1Uv.DetectionBeacon
ADDED from src/main/AndroidManifest.xml:24:9-25:20
	android:name
		ADDED from src/main/AndroidManifest.xml:24:19-50
uses-sdk
INJECTED from src/main/AndroidManifest.xml reason: use-sdk injection requested
MERGED from [com.android.support:design:23.1.0] AndroidManifest.xml:20:5-43
MERGED from [com.android.support:appcompat-v7:23.1.0] AndroidManifest.xml:20:5-43
MERGED from [com.android.support:recyclerview-v7:23.1.0] AndroidManifest.xml:20:5-43
MERGED from [com.android.support:support-v4:23.1.0] AndroidManifest.xml:20:5-43
MERGED from [com.estimote:sdk:0.10.8] AndroidManifest.xml:7:5-43
MERGED from [CieParaboleSNotificatio1Uv:android-beacon-library-2.9.2:unspecified] AndroidManifest.xml:7:5-9:41
	android:targetSdkVersion
		INJECTED from src/main/AndroidManifest.xml
		INJECTED from src/main/AndroidManifest.xml
	android:minSdkVersion
		INJECTED from src/main/AndroidManifest.xml
		INJECTED from src/main/AndroidManifest.xml
uses-permission-sdk-23
ADDED from [com.estimote:sdk:0.10.8] AndroidManifest.xml:13:5-88
	android:name
		ADDED from [com.estimote:sdk:0.10.8] AndroidManifest.xml:13:29-85
uses-permission#android.permission.ACCESS_NETWORK_STATE
ADDED from [com.estimote:sdk:0.10.8] AndroidManifest.xml:16:5-79
	android:name
		ADDED from [com.estimote:sdk:0.10.8] AndroidManifest.xml:16:22-76
uses-feature#android.hardware.bluetooth_le
ADDED from [com.estimote:sdk:0.10.8] AndroidManifest.xml:18:5-20:36
	android:required
		ADDED from [com.estimote:sdk:0.10.8] AndroidManifest.xml:20:9-33
	android:name
		ADDED from [com.estimote:sdk:0.10.8] AndroidManifest.xml:19:9-53
service#com.estimote.sdk.service.BeaconService
ADDED from [com.estimote:sdk:0.10.8] AndroidManifest.xml:23:9-25:40
	android:exported
		ADDED from [com.estimote:sdk:0.10.8] AndroidManifest.xml:25:13-37
	android:name
		ADDED from [com.estimote:sdk:0.10.8] AndroidManifest.xml:24:13-66
service#com.estimote.sdk.repackaged.dfu_v0_6_1.no.nordicsemi.android.dfu.DfuBaseService
ADDED from [com.estimote:sdk:0.10.8] AndroidManifest.xml:26:9-115
	android:name
		ADDED from [com.estimote:sdk:0.10.8] AndroidManifest.xml:26:18-112
activity#com.estimote.sdk.DefaultRequirementsCheckerCallback$Activity
ADDED from [com.estimote:sdk:0.10.8] AndroidManifest.xml:28:9-30:56
	android:theme
		ADDED from [com.estimote:sdk:0.10.8] AndroidManifest.xml:30:13-53
	android:name
		ADDED from [com.estimote:sdk:0.10.8] AndroidManifest.xml:29:13-88
receiver#com.estimote.sdk.service.BeaconService$ScanAlarmBroadcastReceiver
ADDED from [com.estimote:sdk:0.10.8] AndroidManifest.xml:32:9-102
	android:name
		ADDED from [com.estimote:sdk:0.10.8] AndroidManifest.xml:32:19-99
service#com.estimote.sdk.connection.internal.DeviceConnectionProviderService
ADDED from [com.estimote:sdk:0.10.8] AndroidManifest.xml:34:9-36:40
	android:exported
		ADDED from [com.estimote:sdk:0.10.8] AndroidManifest.xml:36:13-37
	android:name
		ADDED from [com.estimote:sdk:0.10.8] AndroidManifest.xml:35:13-96
uses-permission#android.permission.RECEIVE_BOOT_COMPLETED
ADDED from [CieParaboleSNotificatio1Uv:android-beacon-library-2.9.2:unspecified] AndroidManifest.xml:17:5-81
	android:name
		ADDED from [CieParaboleSNotificatio1Uv:android-beacon-library-2.9.2:unspecified] AndroidManifest.xml:17:22-78
receiver#org.altbeacon.beacon.startup.StartupBroadcastReceiver
ADDED from [CieParaboleSNotificatio1Uv:android-beacon-library-2.9.2:unspecified] AndroidManifest.xml:22:9-28:20
	android:name
		ADDED from [CieParaboleSNotificatio1Uv:android-beacon-library-2.9.2:unspecified] AndroidManifest.xml:22:19-87
intent-filter#android.intent.action.ACTION_POWER_CONNECTED+android.intent.action.ACTION_POWER_DISCONNECTED+android.intent.action.BOOT_COMPLETED
ADDED from [CieParaboleSNotificatio1Uv:android-beacon-library-2.9.2:unspecified] AndroidManifest.xml:23:13-27:29
action#android.intent.action.BOOT_COMPLETED
ADDED from [CieParaboleSNotificatio1Uv:android-beacon-library-2.9.2:unspecified] AndroidManifest.xml:24:17-79
	android:name
		ADDED from [CieParaboleSNotificatio1Uv:android-beacon-library-2.9.2:unspecified] AndroidManifest.xml:24:25-76
action#android.intent.action.ACTION_POWER_CONNECTED
ADDED from [CieParaboleSNotificatio1Uv:android-beacon-library-2.9.2:unspecified] AndroidManifest.xml:25:17-87
	android:name
		ADDED from [CieParaboleSNotificatio1Uv:android-beacon-library-2.9.2:unspecified] AndroidManifest.xml:25:25-84
action#android.intent.action.ACTION_POWER_DISCONNECTED
ADDED from [CieParaboleSNotificatio1Uv:android-beacon-library-2.9.2:unspecified] AndroidManifest.xml:26:17-90
	android:name
		ADDED from [CieParaboleSNotificatio1Uv:android-beacon-library-2.9.2:unspecified] AndroidManifest.xml:26:25-87
service#org.altbeacon.beacon.service.BeaconService
ADDED from [CieParaboleSNotificatio1Uv:android-beacon-library-2.9.2:unspecified] AndroidManifest.xml:30:9-35:38
	android:enabled
		ADDED from [CieParaboleSNotificatio1Uv:android-beacon-library-2.9.2:unspecified] AndroidManifest.xml:32:13-35
	android:label
		ADDED from [CieParaboleSNotificatio1Uv:android-beacon-library-2.9.2:unspecified] AndroidManifest.xml:35:13-35
	android:exported
		ADDED from [CieParaboleSNotificatio1Uv:android-beacon-library-2.9.2:unspecified] AndroidManifest.xml:33:13-37
	android:isolatedProcess
		ADDED from [CieParaboleSNotificatio1Uv:android-beacon-library-2.9.2:unspecified] AndroidManifest.xml:34:13-44
	android:name
		ADDED from [CieParaboleSNotificatio1Uv:android-beacon-library-2.9.2:unspecified] AndroidManifest.xml:31:13-70
service#org.altbeacon.beacon.BeaconIntentProcessor
ADDED from [CieParaboleSNotificatio1Uv:android-beacon-library-2.9.2:unspecified] AndroidManifest.xml:36:9-39:40
	android:enabled
		ADDED from [CieParaboleSNotificatio1Uv:android-beacon-library-2.9.2:unspecified] AndroidManifest.xml:38:13-35
	android:exported
		ADDED from [CieParaboleSNotificatio1Uv:android-beacon-library-2.9.2:unspecified] AndroidManifest.xml:39:13-37
	android:name
		ADDED from [CieParaboleSNotificatio1Uv:android-beacon-library-2.9.2:unspecified] AndroidManifest.xml:37:13-70